To honour the JVM settings for this build a single-use Daemon process will be forked. For more on this, please refer to https://docs.gradle.org/8.11.1/userguide/gradle_daemon.html#sec:disabling_the_daemon in the Gradle documentation.
Daemon will be stopped at the end of the build 
> Task :buildSrc:checkKotlinGradlePluginConfigurationErrors SKIPPED
> Task :buildSrc:compileKotlin UP-TO-DATE
> Task :buildSrc:compileJava NO-SOURCE
> Task :buildSrc:compileGroovy NO-SOURCE
> Task :buildSrc:pluginDescriptors UP-TO-DATE
> Task :buildSrc:processResources NO-SOURCE
> Task :buildSrc:classes UP-TO-DATE
> Task :buildSrc:jar UP-TO-DATE

> Configure project :app
e: file:///C:/Users/Diganta1/AndroidStudioProjects/LinkSheet/app/build.gradle.kts:103:94: Expecting an expression
e: file:///C:/Users/Diganta1/AndroidStudioProjects/LinkSheet/app/build.gradle.kts:103:94: Expecting ')'
e: file:///C:/Users/Diganta1/AndroidStudioProjects/LinkSheet/app/build.gradle.kts:103:95: Expecting '}'
e: file:///C:/Users/Diganta1/AndroidStudioProjects/LinkSheet/app/build.gradle.kts:103:141: Expecting '}'
e: file:///C:/Users/Diganta1/AndroidStudioProjects/LinkSheet/app/build.gradle.kts:109:36: Expecting ')'
e: file:///C:/Users/Diganta1/AndroidStudioProjects/LinkSheet/app/build.gradle.kts:109:48: Expecting '}'
e: file:///C:/Users/Diganta1/AndroidStudioProjects/LinkSheet/app/build.gradle.kts:109:59: Expecting '}'
e: file:///C:/Users/Diganta1/AndroidStudioProjects/LinkSheet/app/build.gradle.kts:111:38: Expecting ')'
e: file:///C:/Users/Diganta1/AndroidStudioProjects/LinkSheet/app/build.gradle.kts:111:48: Expecting '}'
e: file:///C:/Users/Diganta1/AndroidStudioProjects/LinkSheet/app/build.gradle.kts:111:65: Expecting '}'
e: file:///C:/Users/Diganta1/AndroidStudioProjects/LinkSheet/app/build.gradle.kts:113:38: Expecting ')'
e: file:///C:/Users/Diganta1/AndroidStudioProjects/LinkSheet/app/build.gradle.kts:113:64: Expecting '}'
e: file:///C:/Users/Diganta1/AndroidStudioProjects/LinkSheet/app/build.gradle.kts:113:120: Expecting '}'
e: file:///C:/Users/Diganta1/AndroidStudioProjects/LinkSheet/app/build.gradle.kts:116:26: Expecting ')'
e: file:///C:/Users/Diganta1/AndroidStudioProjects/LinkSheet/app/build.gradle.kts:117:38: Expecting '}'
e: file:///C:/Users/Diganta1/AndroidStudioProjects/LinkSheet/app/build.gradle.kts:118:109: Expecting '}'
e: file:///C:/Users/Diganta1/AndroidStudioProjects/LinkSheet/app/build.gradle.kts:124:10: Expecting '"'
e: file:///C:/Users/Diganta1/AndroidStudioProjects/LinkSheet/app/build.gradle.kts:126:35: Expecting an element
e: file:///C:/Users/Diganta1/AndroidStudioProjects/LinkSheet/app/build.gradle.kts:126:36: Expecting ','
e: file:///C:/Users/Diganta1/AndroidStudioProjects/LinkSheet/app/build.gradle.kts:128:20: Expecting an element
e: file:///C:/Users/Diganta1/AndroidStudioProjects/LinkSheet/app/build.gradle.kts:128:30: Expecting an element
e: file:///C:/Users/Diganta1/AndroidStudioProjects/LinkSheet/app/build.gradle.kts:128:57: Expecting an element
e: file:///C:/Users/Diganta1/AndroidStudioProjects/LinkSheet/app/build.gradle.kts:128:58: Expecting ','
e: file:///C:/Users/Diganta1/AndroidStudioProjects/LinkSheet/app/build.gradle.kts:132:10: Expecting ')'
e: file:///C:/Users/Diganta1/AndroidStudioProjects/LinkSheet/app/build.gradle.kts:673:2: Expecting '}'
e: file:///C:/Users/Diganta1/AndroidStudioProjects/LinkSheet/app/build.gradle.kts:1:37: Unresolved reference: android
e: file:///C:/Users/Diganta1/AndroidStudioProjects/LinkSheet/app/build.gradle.kts:2:37: Unresolved reference: common
e: file:///C:/Users/Diganta1/AndroidStudioProjects/LinkSheet/app/build.gradle.kts:3:37: Unresolved reference: common
e: file:///C:/Users/Diganta1/AndroidStudioProjects/LinkSheet/app/build.gradle.kts:4:37: Unresolved reference: common
e: file:///C:/Users/Diganta1/AndroidStudioProjects/LinkSheet/app/build.gradle.kts:5:37: Unresolved reference: common
e: file:///C:/Users/Diganta1/AndroidStudioProjects/LinkSheet/app/build.gradle.kts:10:11: Unresolved reference: buildlogic
e: file:///C:/Users/Diganta1/AndroidStudioProjects/LinkSheet/app/build.gradle.kts:11:11: Unresolved reference: buildlogic
e: file:///C:/Users/Diganta1/AndroidStudioProjects/LinkSheet/app/build.gradle.kts:12:11: Unresolved reference: buildlogic
e: file:///C:/Users/Diganta1/AndroidStudioProjects/LinkSheet/app/build.gradle.kts:13:11: Unresolved reference: buildlogic
e: file:///C:/Users/Diganta1/AndroidStudioProjects/LinkSheet/app/build.gradle.kts:14:11: Unresolved reference: buildlogic
e: file:///C:/Users/Diganta1/AndroidStudioProjects/LinkSheet/app/build.gradle.kts:15:11: Unresolved reference: buildlogic
e: file:///C:/Users/Diganta1/AndroidStudioProjects/LinkSheet/app/build.gradle.kts:16:11: Unresolved reference: buildlogic
e: file:///C:/Users/Diganta1/AndroidStudioProjects/LinkSheet/app/build.gradle.kts:17:11: Unresolved reference: buildlogic
e: file:///C:/Users/Diganta1/AndroidStudioProjects/LinkSheet/app/build.gradle.kts:18:11: Unresolved reference: buildlogic
e: file:///C:/Users/Diganta1/AndroidStudioProjects/LinkSheet/app/build.gradle.kts:19:11: Unresolved reference: buildlogic
e: file:///C:/Users/Diganta1/AndroidStudioProjects/LinkSheet/app/build.gradle.kts:48:19: Unresolved reference: CurrentTagMode
e: file:///C:/Users/Diganta1/AndroidStudioProjects/LinkSheet/app/build.gradle.kts:49:21: Unresolved reference: TagReleaseParser
e: file:///C:/Users/Diganta1/AndroidStudioProjects/LinkSheet/app/build.gradle.kts:57:18: Unresolved reference: AndroidSdk
e: file:///C:/Users/Diganta1/AndroidStudioProjects/LinkSheet/app/build.gradle.kts:61:18: Unresolved reference: AndroidSdk
e: file:///C:/Users/Diganta1/AndroidStudioProjects/LinkSheet/app/build.gradle.kts:62:21: Unresolved reference: AndroidSdk
e: file:///C:/Users/Diganta1/AndroidStudioProjects/LinkSheet/app/build.gradle.kts:65:24: Unresolved reference: AndroidVersionStrategy
e: file:///C:/Users/Diganta1/AndroidStudioProjects/LinkSheet/app/build.gradle.kts:67:42: Unresolved reference: asProvider
w: file:///C:/Users/Diganta1/AndroidStudioProjects/LinkSheet/app/build.gradle.kts:68:26: Variable 'commit' is never used
e: file:///C:/Users/Diganta1/AndroidStudioProjects/LinkSheet/app/build.gradle.kts:77:68: Unresolved reference: readPropertiesOrNull
w: file:///C:/Users/Diganta1/AndroidStudioProjects/LinkSheet/app/build.gradle.kts:68:34: Variable 'branch' is never used
e: file:///C:/Users/Diganta1/AndroidStudioProjects/LinkSheet/app/build.gradle.kts:78:81: Unresolved reference: readPropertiesOrNull
e: file:///C:/Users/Diganta1/AndroidStudioProjects/LinkSheet/app/build.gradle.kts:80:105: Not enough information to infer type variable T
e: file:///C:/Users/Diganta1/AndroidStudioProjects/LinkSheet/app/build.gradle.kts:90:44: Unresolved reference: it
e: file:///C:/Users/Diganta1/AndroidStudioProjects/LinkSheet/app/build.gradle.kts:101:9: Unresolved reference: buildConfig
e: file:///C:/Users/Diganta1/AndroidStudioProjects/LinkSheet/app/build.gradle.kts:126:9: Unresolved reference: testInstrumentationRunner
e: file:///C:/Users/Diganta1/AndroidStudioProjects/LinkSheet/app/build.gradle.kts:127:9: Unresolved reference: testInstrumentationRunnerArguments
e: file:///C:/Users/Diganta1/AndroidStudioProjects/LinkSheet/app/build.gradle.kts:127:43: Unsupported [Collection literals outside of annotations]
e: file:///C:/Users/Diganta1/AndroidStudioProjects/LinkSheet/app/build.gradle.kts:128:9: Unresolved reference: testOptions
e: file:///C:/Users/Diganta1/AndroidStudioProjects/LinkSheet/app/build.gradle.kts:128:59: Too many arguments for public abstract fun buildConfigField(type: String, name: String, value: String): Unit defined in com.android.build.api.dsl.ApplicationDefaultConfig
e: file:///C:/Users/Diganta1/AndroidStudioProjects/LinkSheet/app/build.gradle.kts:130:9: Unresolved reference: vectorDrawables
e: file:///C:/Users/Diganta1/AndroidStudioProjects/LinkSheet/app/build.gradle.kts:131:13: Unresolved reference: useSupportLibrary
e: file:///C:/Users/Diganta1/AndroidStudioProjects/LinkSheet/app/build.gradle.kts:217:79: Unresolved reference: readPropertiesOrNull
e: file:///C:/Users/Diganta1/AndroidStudioProjects/LinkSheet/app/build.gradle.kts:219:97: Unresolved reference: it
e: file:///C:/Users/Diganta1/AndroidStudioProjects/LinkSheet/app/build.gradle.kts:227:78: Unresolved reference: readPropertiesOrNull
e: file:///C:/Users/Diganta1/AndroidStudioProjects/LinkSheet/app/build.gradle.kts:230:111: Unresolved reference: it
e: file:///C:/Users/Diganta1/AndroidStudioProjects/LinkSheet/app/build.gradle.kts:257:78: Unresolved reference: readPropertiesOrNull
e: file:///C:/Users/Diganta1/AndroidStudioProjects/LinkSheet/app/build.gradle.kts:259:118: Unresolved reference: it

FAILURE: Build failed with an exception.

* Where:
Build file 'C:\Users\Diganta1\AndroidStudioProjects\LinkSheet\app\build.gradle.kts' line: 1

* What went wrong:
Script compilation errors:

  Line 001: import com.gitlab.grrfe.gradlebuild.android.AndroidSdk
                                                ^ Unresolved reference: android

  Line 002: import com.gitlab.grrfe.gradlebuild.common.version.CurrentTagMode
                                                ^ Unresolved reference: common

  Line 003: import com.gitlab.grrfe.gradlebuild.common.version.TagReleaseParser
                                                ^ Unresolved reference: common

  Line 004: import com.gitlab.grrfe.gradlebuild.common.version.asProvider
                                                ^ Unresolved reference: common

  Line 005: import com.gitlab.grrfe.gradlebuild.common.version.closure
                                                ^ Unresolved reference: common

  Line 010: import fe.buildlogic.Version
                      ^ Unresolved reference: buildlogic

  Line 011: import fe.buildlogic.common.extension.addCompilerOptions
                      ^ Unresolved reference: buildlogic

  Line 012: import fe.buildlogic.common.extension.addPluginOptions
                      ^ Unresolved reference: buildlogic

  Line 013: import fe.buildlogic.extension.buildConfig
                      ^ Unresolved reference: buildlogic

  Line 014: import fe.buildlogic.extension.buildStringConfigField
                      ^ Unresolved reference: buildlogic

  Line 015: import fe.buildlogic.extension.getOrSystemEnv
                      ^ Unresolved reference: buildlogic

  Line 016: import fe.buildlogic.extension.readPropertiesOrNull
                      ^ Unresolved reference: buildlogic

  Line 017: import fe.buildlogic.common.CompilerOption
                      ^ Unresolved reference: buildlogic

  Line 018: import fe.buildlogic.common.PluginOption
                      ^ Unresolved reference: buildlogic

  Line 019: import fe.buildlogic.version.AndroidVersionStrategy
                      ^ Unresolved reference: buildlogic

  Line 048:     releaseMode = CurrentTagMode.closure
                              ^ Unresolved reference: CurrentTagMode

  Line 049:     releaseParser = TagReleaseParser.closure
                                ^ Unresolved reference: TagReleaseParser

  Line 057:     compileSdk = AndroidSdk.COMPILE_SDK
                             ^ Unresolved reference: AndroidSdk

  Line 061:         minSdk = AndroidSdk.MIN_SDK
                             ^ Unresolved reference: AndroidSdk

  Line 062:         targetSdk = AndroidSdk.COMPILE_SDK
                                ^ Unresolved reference: AndroidSdk

  Line 065:         val provider = AndroidVersionStrategy(now)
                                   ^ Unresolved reference: AndroidVersionStrategy

  Line 067:         val versionProvider = versioning.asProvider(project, provider)
                                                     ^ Unresolved reference: asProvider

  Line 077:         val localProperties = rootProject.file("local.properties").readPropertiesOrNull()
                                                                               ^ Unresolved reference: readPropertiesOrNull

  Line 078:         val publicLocalProperties = rootProject.file("public.local.properties").readPropertiesOrNull()
                                                                                            ^ Unresolved reference: readPropertiesOrNull

  Line 080:         val supportedLocales = publicLocalProperties.getOrSystemEnv("SUPPORTED_LOCALES")?.split(",") ?: emptyList()
                                                                                                                    ^ Not enough information to infer type variable T

  Line 090:             ) { "\t<locale android:name=\"$it\" />" }
                                                       ^ Unresolved reference: it

  Line 101:         buildConfig {
                    ^ Unresolved reference: buildConfig

  Line 103:             buildConfigField("int", "DONATION_BANNER_MIN", "${localProperties.getOrSystemEnv(\"DONATION_BANNER_MIN\")?.toIntOrNull() ?: 20}")
                                                                                                         ^ Expecting an expression

  Line 103:             buildConfigField("int", "DONATION_BANNER_MIN", "${localProperties.getOrSystemEnv(\"DONATION_BANNER_MIN\")?.toIntOrNull() ?: 20}")
                                                                                                         ^ Expecting ')'

  Line 103:             buildConfigField("int", "DONATION_BANNER_MIN", "${localProperties.getOrSystemEnv(\"DONATION_BANNER_MIN\")?.toIntOrNull() ?: 20}")
                                                                                                          ^ Expecting '}'

  Line 103:             buildConfigField("int", "DONATION_BANNER_MIN", "${localProperties.getOrSystemEnv(\"DONATION_BANNER_MIN\")?.toIntOrNull() ?: 20}")
                                                                                                                                                        ^ Expecting '}'

  Line 109:             buildConfigField("long", "BUILT_AT", "${now}L")
                                               ^ Expecting ')'

  Line 109:             buildConfigField("long", "BUILT_AT", "${now}L")
                                                           ^ Expecting '}'

  Line 109:             buildConfigField("long", "BUILT_AT", "${now}L")
                                                                      ^ Expecting '}'

  Line 111:             buildConfigField("String", "BRANCH", "\"${branch}\"")
                                                 ^ Expecting ')'

  Line 111:             buildConfigField("String", "BRANCH", "\"${branch}\"")
                                                           ^ Expecting '}'

  Line 111:             buildConfigField("String", "BRANCH", "\"${branch}\"")
                                                                            ^ Expecting '}'

  Line 113:             buildConfigField("String", "GITHUB_WORKFLOW_RUN_ID", "\"${System.getenv("GITHUB_WORKFLOW_RUN_ID") ?: ""}\"")
                                                 ^ Expecting ')'

  Line 113:             buildConfigField("String", "GITHUB_WORKFLOW_RUN_ID", "\"${System.getenv("GITHUB_WORKFLOW_RUN_ID") ?: ""}\"")
                                                                           ^ Expecting '}'

  Line 113:             buildConfigField("String", "GITHUB_WORKFLOW_RUN_ID", "\"${System.getenv("GITHUB_WORKFLOW_RUN_ID") ?: ""}\"")
                                                                                                                                   ^ Expecting '}'

  Line 116:                 "boolean",
                                     ^ Expecting ')'

  Line 117:                 "ANALYTICS_SUPPORTED",
                                                 ^ Expecting '}'

  Line 118:                 "${localProperties.getOrSystemEnv("ANALYTICS_SUPPORTED")?.toBooleanStrictOrNull() != false}"
                                                                                                                        ^ Expecting '}'

  Line 124:         }
                     ^ Expecting '"'

  Line 126:         testInstrumentationRunner = "androidx.test.runner.AndroidJUnitRunner"
                                              ^ Expecting an element

  Line 126:         testInstrumentationRunner = "androidx.test.runner.AndroidJUnitRunner"
                                               ^ Expecting ','

  Line 126:         testInstrumentationRunner = "androidx.test.runner.AndroidJUnitRunner"
                    ^ Unresolved reference: testInstrumentationRunner

  Line 127:         testInstrumentationRunnerArguments["runnerBuilder"] = "de.mannodermaus.junit5.AndroidJUnit5Builder"
                    ^ Unresolved reference: testInstrumentationRunnerArguments

  Line 127:         testInstrumentationRunnerArguments["runnerBuilder"] = "de.mannodermaus.junit5.AndroidJUnit5Builder"
                                                      ^ Unsupported [Collection literals outside of annotations]

  Line 128:         testOptions.unitTests.isIncludeAndroidResources = true
                               ^ Expecting an element

  Line 128:         testOptions.unitTests.isIncludeAndroidResources = true
                                         ^ Expecting an element

  Line 128:         testOptions.unitTests.isIncludeAndroidResources = true
                                                                    ^ Expecting an element

  Line 128:         testOptions.unitTests.isIncludeAndroidResources = true
                                                                     ^ Expecting ','

  Line 128:         testOptions.unitTests.isIncludeAndroidResources = true
                    ^ Unresolved reference: testOptions

  Line 128:         testOptions.unitTests.isIncludeAndroidResources = true
                                                                      ^ Too many arguments for public abstract fun buildConfigField(type: String, name: String, value: String): Unit defined in com.android.build.api.dsl.ApplicationDefaultConfig

  Line 130:         vectorDrawables {
                    ^ Unresolved reference: vectorDrawables

  Line 131:             useSupportLibrary = true
                        ^ Unresolved reference: useSupportLibrary

  Line 132:         }
                     ^ Expecting ')'

  Line 217:             val properties = rootProject.file(".ignored/keystore.properties").readPropertiesOrNull()
                                                                                          ^ Unresolved reference: readPropertiesOrNull

  Line 219:             storeFile = properties.getOrSystemEnv("KEYSTORE_FILE_PATH")?.let { rootProject.file(it) }
                                                                                                            ^ Unresolved reference: it

  Line 227:             val keystoreProperties = rootProject.file("keystore.properties").readPropertiesOrNull()
                                                                                         ^ Unresolved reference: readPropertiesOrNull

  Line 230:             storeFile = keystoreProperties.getOrSystemEnv("LINKMASTER_KEYSTORE_FILE")?.let { rootProject.file(it) }
                                                                                                                          ^ Unresolved reference: it

  Line 257:             val keystoreProperties = rootProject.file("keystore.properties").readPropertiesOrNull()
                                                                                         ^ Unresolved reference: readPropertiesOrNull

  Line 259:             storeFile = keystoreProperties.getOrSystemEnv("LINKMASTER_UPLOAD_KEYSTORE_FILE")?.let { rootProject.file(it) }
                                                                                                                                 ^ Unresolved reference: it

  Line 673: }
             ^ Expecting '}'

65 errors

* Try:
> Run with --info or --debug option to get more log output.
> Run with --scan to get full insights.
> Get more help at https://help.gradle.org.

* Exception is:
ScriptCompilationException(scriptCompilationErrors=[ScriptCompilationError(message=Expecting an expression, location=C:\Users\Diganta1\.gradle\.tmp\gradle-kotlin-dsl-1306574976375047907.tmp\build.gradle.kts (103:94)), ScriptCompilationError(message=Expecting ')', location=C:\Users\Diganta1\.gradle\.tmp\gradle-kotlin-dsl-1306574976375047907.tmp\build.gradle.kts (103:94)), ScriptCompilationError(message=Expecting '}', location=C:\Users\Diganta1\.gradle\.tmp\gradle-kotlin-dsl-1306574976375047907.tmp\build.gradle.kts (103:95)), ScriptCompilationError(message=Expecting '}', location=C:\Users\Diganta1\.gradle\.tmp\gradle-kotlin-dsl-1306574976375047907.tmp\build.gradle.kts (103:141)), ScriptCompilationError(message=Expecting ')', location=C:\Users\Diganta1\.gradle\.tmp\gradle-kotlin-dsl-1306574976375047907.tmp\build.gradle.kts (109:36)), ScriptCompilationError(message=Expecting '}', location=C:\Users\Diganta1\.gradle\.tmp\gradle-kotlin-dsl-1306574976375047907.tmp\build.gradle.kts (109:48)), ScriptCompilationError(message=Expecting '}', location=C:\Users\Diganta1\.gradle\.tmp\gradle-kotlin-dsl-1306574976375047907.tmp\build.gradle.kts (109:59)), ScriptCompilationError(message=Expecting ')', location=C:\Users\Diganta1\.gradle\.tmp\gradle-kotlin-dsl-1306574976375047907.tmp\build.gradle.kts (111:38)), ScriptCompilationError(message=Expecting '}', location=C:\Users\Diganta1\.gradle\.tmp\gradle-kotlin-dsl-1306574976375047907.tmp\build.gradle.kts (111:48)), ScriptCompilationError(message=Expecting '}', location=C:\Users\Diganta1\.gradle\.tmp\gradle-kotlin-dsl-1306574976375047907.tmp\build.gradle.kts (111:65)), ScriptCompilationError(message=Expecting ')', location=C:\Users\Diganta1\.gradle\.tmp\gradle-kotlin-dsl-1306574976375047907.tmp\build.gradle.kts (113:38)), ScriptCompilationError(message=Expecting '}', location=C:\Users\Diganta1\.gradle\.tmp\gradle-kotlin-dsl-1306574976375047907.tmp\build.gradle.kts (113:64)), ScriptCompilationError(message=Expecting '}', location=C:\Users\Diganta1\.gradle\.tmp\gradle-kotlin-dsl-1306574976375047907.tmp\build.gradle.kts (113:120)), ScriptCompilationError(message=Expecting ')', location=C:\Users\Diganta1\.gradle\.tmp\gradle-kotlin-dsl-1306574976375047907.tmp\build.gradle.kts (116:26)), ScriptCompilationError(message=Expecting '}', location=C:\Users\Diganta1\.gradle\.tmp\gradle-kotlin-dsl-1306574976375047907.tmp\build.gradle.kts (117:38)), ScriptCompilationError(message=Expecting '}', location=C:\Users\Diganta1\.gradle\.tmp\gradle-kotlin-dsl-1306574976375047907.tmp\build.gradle.kts (118:109)), ScriptCompilationError(message=Expecting '"', location=C:\Users\Diganta1\.gradle\.tmp\gradle-kotlin-dsl-1306574976375047907.tmp\build.gradle.kts (124:10)), ScriptCompilationError(message=Expecting an element, location=C:\Users\Diganta1\.gradle\.tmp\gradle-kotlin-dsl-1306574976375047907.tmp\build.gradle.kts (126:35)), ScriptCompilationError(message=Expecting ',', location=C:\Users\Diganta1\.gradle\.tmp\gradle-kotlin-dsl-1306574976375047907.tmp\build.gradle.kts (126:36)), ScriptCompilationError(message=Expecting an element, location=C:\Users\Diganta1\.gradle\.tmp\gradle-kotlin-dsl-1306574976375047907.tmp\build.gradle.kts (128:20)), ScriptCompilationError(message=Expecting an element, location=C:\Users\Diganta1\.gradle\.tmp\gradle-kotlin-dsl-1306574976375047907.tmp\build.gradle.kts (128:30)), ScriptCompilationError(message=Expecting an element, location=C:\Users\Diganta1\.gradle\.tmp\gradle-kotlin-dsl-1306574976375047907.tmp\build.gradle.kts (128:57)), ScriptCompilationError(message=Expecting ',', location=C:\Users\Diganta1\.gradle\.tmp\gradle-kotlin-dsl-1306574976375047907.tmp\build.gradle.kts (128:58)), ScriptCompilationError(message=Expecting ')', location=C:\Users\Diganta1\.gradle\.tmp\gradle-kotlin-dsl-1306574976375047907.tmp\build.gradle.kts (132:10)), ScriptCompilationError(message=Expecting '}', location=C:\Users\Diganta1\.gradle\.tmp\gradle-kotlin-dsl-1306574976375047907.tmp\build.gradle.kts (673:2)), ScriptCompilationError(message=Unresolved reference: android, location=C:\Users\Diganta1\.gradle\.tmp\gradle-kotlin-dsl-1306574976375047907.tmp\build.gradle.kts (1:37)), ScriptCompilationError(message=Unresolved reference: common, location=C:\Users\Diganta1\.gradle\.tmp\gradle-kotlin-dsl-1306574976375047907.tmp\build.gradle.kts (2:37)), ScriptCompilationError(message=Unresolved reference: common, location=C:\Users\Diganta1\.gradle\.tmp\gradle-kotlin-dsl-1306574976375047907.tmp\build.gradle.kts (3:37)), ScriptCompilationError(message=Unresolved reference: common, location=C:\Users\Diganta1\.gradle\.tmp\gradle-kotlin-dsl-1306574976375047907.tmp\build.gradle.kts (4:37)), ScriptCompilationError(message=Unresolved reference: common, location=C:\Users\Diganta1\.gradle\.tmp\gradle-kotlin-dsl-1306574976375047907.tmp\build.gradle.kts (5:37)), ScriptCompilationError(message=Unresolved reference: buildlogic, location=C:\Users\Diganta1\.gradle\.tmp\gradle-kotlin-dsl-1306574976375047907.tmp\build.gradle.kts (10:11)), ScriptCompilationError(message=Unresolved reference: buildlogic, location=C:\Users\Diganta1\.gradle\.tmp\gradle-kotlin-dsl-1306574976375047907.tmp\build.gradle.kts (11:11)), ScriptCompilationError(message=Unresolved reference: buildlogic, location=C:\Users\Diganta1\.gradle\.tmp\gradle-kotlin-dsl-1306574976375047907.tmp\build.gradle.kts (12:11)), ScriptCompilationError(message=Unresolved reference: buildlogic, location=C:\Users\Diganta1\.gradle\.tmp\gradle-kotlin-dsl-1306574976375047907.tmp\build.gradle.kts (13:11)), ScriptCompilationError(message=Unresolved reference: buildlogic, location=C:\Users\Diganta1\.gradle\.tmp\gradle-kotlin-dsl-1306574976375047907.tmp\build.gradle.kts (14:11)), ScriptCompilationError(message=Unresolved reference: buildlogic, location=C:\Users\Diganta1\.gradle\.tmp\gradle-kotlin-dsl-1306574976375047907.tmp\build.gradle.kts (15:11)), ScriptCompilationError(message=Unresolved reference: buildlogic, location=C:\Users\Diganta1\.gradle\.tmp\gradle-kotlin-dsl-1306574976375047907.tmp\build.gradle.kts (16:11)), ScriptCompilationError(message=Unresolved reference: buildlogic, location=C:\Users\Diganta1\.gradle\.tmp\gradle-kotlin-dsl-1306574976375047907.tmp\build.gradle.kts (17:11)), ScriptCompilationError(message=Unresolved reference: buildlogic, location=C:\Users\Diganta1\.gradle\.tmp\gradle-kotlin-dsl-1306574976375047907.tmp\build.gradle.kts (18:11)), ScriptCompilationError(message=Unresolved reference: buildlogic, location=C:\Users\Diganta1\.gradle\.tmp\gradle-kotlin-dsl-1306574976375047907.tmp\build.gradle.kts (19:11)), ScriptCompilationError(message=Unresolved reference: CurrentTagMode, location=C:\Users\Diganta1\.gradle\.tmp\gradle-kotlin-dsl-1306574976375047907.tmp\build.gradle.kts (48:19)), ScriptCompilationError(message=Unresolved reference: TagReleaseParser, location=C:\Users\Diganta1\.gradle\.tmp\gradle-kotlin-dsl-1306574976375047907.tmp\build.gradle.kts (49:21)), ScriptCompilationError(message=Unresolved reference: AndroidSdk, location=C:\Users\Diganta1\.gradle\.tmp\gradle-kotlin-dsl-1306574976375047907.tmp\build.gradle.kts (57:18)), ScriptCompilationError(message=Unresolved reference: AndroidSdk, location=C:\Users\Diganta1\.gradle\.tmp\gradle-kotlin-dsl-1306574976375047907.tmp\build.gradle.kts (61:18)), ScriptCompilationError(message=Unresolved reference: AndroidSdk, location=C:\Users\Diganta1\.gradle\.tmp\gradle-kotlin-dsl-1306574976375047907.tmp\build.gradle.kts (62:21)), ScriptCompilationError(message=Unresolved reference: AndroidVersionStrategy, location=C:\Users\Diganta1\.gradle\.tmp\gradle-kotlin-dsl-1306574976375047907.tmp\build.gradle.kts (65:24)), ScriptCompilationError(message=Unresolved reference: asProvider, location=C:\Users\Diganta1\.gradle\.tmp\gradle-kotlin-dsl-1306574976375047907.tmp\build.gradle.kts (67:42)), ScriptCompilationError(message=Unresolved reference: readPropertiesOrNull, location=C:\Users\Diganta1\.gradle\.tmp\gradle-kotlin-dsl-1306574976375047907.tmp\build.gradle.kts (77:68)), ScriptCompilationError(message=Unresolved reference: readPropertiesOrNull, location=C:\Users\Diganta1\.gradle\.tmp\gradle-kotlin-dsl-1306574976375047907.tmp\build.gradle.kts (78:81)), ScriptCompilationError(message=Not enough information to infer type variable T, location=C:\Users\Diganta1\.gradle\.tmp\gradle-kotlin-dsl-1306574976375047907.tmp\build.gradle.kts (80:105)), ScriptCompilationError(message=Unresolved reference: it, location=C:\Users\Diganta1\.gradle\.tmp\gradle-kotlin-dsl-1306574976375047907.tmp\build.gradle.kts (90:44)), ScriptCompilationError(message=Unresolved reference: buildConfig, location=C:\Users\Diganta1\.gradle\.tmp\gradle-kotlin-dsl-1306574976375047907.tmp\build.gradle.kts (101:9)), ScriptCompilationError(message=Unresolved reference: testInstrumentationRunner, location=C:\Users\Diganta1\.gradle\.tmp\gradle-kotlin-dsl-1306574976375047907.tmp\build.gradle.kts (126:9)), ScriptCompilationError(message=Unresolved reference: testInstrumentationRunnerArguments, location=C:\Users\Diganta1\.gradle\.tmp\gradle-kotlin-dsl-1306574976375047907.tmp\build.gradle.kts (127:9)), ScriptCompilationError(message=Unsupported [Collection literals outside of annotations], location=C:\Users\Diganta1\.gradle\.tmp\gradle-kotlin-dsl-1306574976375047907.tmp\build.gradle.kts (127:43)), ScriptCompilationError(message=Unresolved reference: testOptions, location=C:\Users\Diganta1\.gradle\.tmp\gradle-kotlin-dsl-1306574976375047907.tmp\build.gradle.kts (128:9)), ScriptCompilationError(message=Too many arguments for public abstract fun buildConfigField(type: String, name: String, value: String): Unit defined in com.android.build.api.dsl.ApplicationDefaultConfig, location=C:\Users\Diganta1\.gradle\.tmp\gradle-kotlin-dsl-1306574976375047907.tmp\build.gradle.kts (128:59)), ScriptCompilationError(message=Unresolved reference: vectorDrawables, location=C:\Users\Diganta1\.gradle\.tmp\gradle-kotlin-dsl-1306574976375047907.tmp\build.gradle.kts (130:9)), ScriptCompilationError(message=Unresolved reference: useSupportLibrary, location=C:\Users\Diganta1\.gradle\.tmp\gradle-kotlin-dsl-1306574976375047907.tmp\build.gradle.kts (131:13)), ScriptCompilationError(message=Unresolved reference: readPropertiesOrNull, location=C:\Users\Diganta1\.gradle\.tmp\gradle-kotlin-dsl-1306574976375047907.tmp\build.gradle.kts (217:79)), ScriptCompilationError(message=Unresolved reference: it, location=C:\Users\Diganta1\.gradle\.tmp\gradle-kotlin-dsl-1306574976375047907.tmp\build.gradle.kts (219:97)), ScriptCompilationError(message=Unresolved reference: readPropertiesOrNull, location=C:\Users\Diganta1\.gradle\.tmp\gradle-kotlin-dsl-1306574976375047907.tmp\build.gradle.kts (227:78)), ScriptCompilationError(message=Unresolved reference: it, location=C:\Users\Diganta1\.gradle\.tmp\gradle-kotlin-dsl-1306574976375047907.tmp\build.gradle.kts (230:111)), ScriptCompilationError(message=Unresolved reference: readPropertiesOrNull, location=C:\Users\Diganta1\.gradle\.tmp\gradle-kotlin-dsl-1306574976375047907.tmp\build.gradle.kts (257:78)), ScriptCompilationError(message=Unresolved reference: it, location=C:\Users\Diganta1\.gradle\.tmp\gradle-kotlin-dsl-1306574976375047907.tmp\build.gradle.kts (259:118))])
	at org.gradle.kotlin.dsl.support.KotlinCompilerKt.compileKotlinScriptModuleTo(KotlinCompiler.kt:190)
	at org.gradle.kotlin.dsl.support.KotlinCompilerKt.compileKotlinScriptToDirectory(KotlinCompiler.kt:148)
	at org.gradle.kotlin.dsl.execution.ResidualProgramCompiler$compileScript$1.invoke(ResidualProgramCompiler.kt:713)
	at org.gradle.kotlin.dsl.execution.ResidualProgramCompiler$compileScript$1.invoke(ResidualProgramCompiler.kt:712)
	at org.gradle.kotlin.dsl.provider.StandardKotlinScriptEvaluator$InterpreterHost$runCompileBuildOperation$1.call(KotlinScriptEvaluator.kt:206)
	at org.gradle.kotlin.dsl.provider.StandardKotlinScriptEvaluator$InterpreterHost$runCompileBuildOperation$1.call(KotlinScriptEvaluator.kt:203)
	at org.gradle.internal.operations.DefaultBuildOperationRunner$CallableBuildOperationWorker.execute(DefaultBuildOperationRunner.java:209)
	at org.gradle.internal.operations.DefaultBuildOperationRunner$CallableBuildOperationWorker.execute(DefaultBuildOperationRunner.java:204)
	at org.gradle.internal.operations.DefaultBuildOperationRunner$2.execute(DefaultBuildOperationRunner.java:66)
	at org.gradle.internal.operations.DefaultBuildOperationRunner$2.execute(DefaultBuildOperationRunner.java:59)
	at org.gradle.internal.operations.DefaultBuildOperationRunner.execute(DefaultBuildOperationRunner.java:166)
	at org.gradle.internal.operations.DefaultBuildOperationRunner.execute(DefaultBuildOperationRunner.java:59)
	at org.gradle.internal.operations.DefaultBuildOperationRunner.call(DefaultBuildOperationRunner.java:53)
	at org.gradle.kotlin.dsl.provider.StandardKotlinScriptEvaluator$InterpreterHost.runCompileBuildOperation(KotlinScriptEvaluator.kt:203)
	at org.gradle.kotlin.dsl.execution.Interpreter$ProgramHost$compileSecondStageOf$cacheDir$1$1$1$1$1.invoke(Interpreter.kt:492)
	at org.gradle.kotlin.dsl.execution.Interpreter$ProgramHost$compileSecondStageOf$cacheDir$1$1$1$1$1.invoke(Interpreter.kt:492)
	at org.gradle.kotlin.dsl.execution.ResidualProgramCompiler.compileScript-C5AE47M(ResidualProgramCompiler.kt:712)
	at org.gradle.kotlin.dsl.execution.ResidualProgramCompiler.compileScript-C5AE47M$default(ResidualProgramCompiler.kt:705)
	at org.gradle.kotlin.dsl.execution.ResidualProgramCompiler.emitStage2ProgramFor(ResidualProgramCompiler.kt:364)
	at org.gradle.kotlin.dsl.execution.Interpreter$ProgramHost$compileSecondStageOf$cacheDir$1.invoke(Interpreter.kt:493)
	at org.gradle.kotlin.dsl.execution.Interpreter$ProgramHost$compileSecondStageOf$cacheDir$1.invoke(Interpreter.kt:469)
	at org.gradle.kotlin.dsl.provider.StandardKotlinScriptEvaluator$KotlinScriptCompilationAndInstrumentation.compile(KotlinScriptEvaluator.kt:437)
	at org.gradle.internal.scripts.BuildScriptCompilationAndInstrumentation.execute(BuildScriptCompilationAndInstrumentation.java:136)
	at org.gradle.internal.execution.steps.ExecuteStep.executeInternal(ExecuteStep.java:105)
	at org.gradle.internal.execution.steps.ExecuteStep.access$000(ExecuteStep.java:44)
	at org.gradle.internal.execution.steps.ExecuteStep$1.call(ExecuteStep.java:59)
	at org.gradle.internal.execution.steps.ExecuteStep$1.call(ExecuteStep.java:56)
	at org.gradle.internal.operations.DefaultBuildOperationRunner$CallableBuildOperationWorker.execute(DefaultBuildOperationRunner.java:209)
	at org.gradle.internal.operations.DefaultBuildOperationRunner$CallableBuildOperationWorker.execute(DefaultBuildOperationRunner.java:204)
	at org.gradle.internal.operations.DefaultBuildOperationRunner$2.execute(DefaultBuildOperationRunner.java:66)
	at org.gradle.internal.operations.DefaultBuildOperationRunner$2.execute(DefaultBuildOperationRunner.java:59)
	at org.gradle.internal.operations.DefaultBuildOperationRunner.execute(DefaultBuildOperationRunner.java:166)
	at org.gradle.internal.operations.DefaultBuildOperationRunner.execute(DefaultBuildOperationRunner.java:59)
	at org.gradle.internal.operations.DefaultBuildOperationRunner.call(DefaultBuildOperationRunner.java:53)
	at org.gradle.internal.execution.steps.ExecuteStep.execute(ExecuteStep.java:56)
	at org.gradle.internal.execution.steps.ExecuteStep.execute(ExecuteStep.java:44)
	at org.gradle.internal.execution.steps.CancelExecutionStep.execute(CancelExecutionStep.java:42)
	at org.gradle.internal.execution.steps.TimeoutStep.executeWithoutTimeout(TimeoutStep.java:75)
	at org.gradle.internal.execution.steps.TimeoutStep.execute(TimeoutStep.java:55)
	at org.gradle.internal.execution.steps.PreCreateOutputParentsStep.execute(PreCreateOutputParentsStep.java:50)
	at org.gradle.internal.execution.steps.PreCreateOutputParentsStep.execute(PreCreateOutputParentsStep.java:28)
	at org.gradle.internal.execution.steps.BroadcastChangingOutputsStep.execute(BroadcastChangingOutputsStep.java:61)
	at org.gradle.internal.execution.steps.BroadcastChangingOutputsStep.execute(BroadcastChangingOutputsStep.java:26)
	at org.gradle.internal.execution.steps.NoInputChangesStep.execute(NoInputChangesStep.java:30)
	at org.gradle.internal.execution.steps.NoInputChangesStep.execute(NoInputChangesStep.java:21)
	at org.gradle.internal.execution.steps.CaptureOutputsAfterExecutionStep.execute(CaptureOutputsAfterExecutionStep.java:69)
	at org.gradle.internal.execution.steps.CaptureOutputsAfterExecutionStep.execute(CaptureOutputsAfterExecutionStep.java:46)
	at org.gradle.internal.execution.steps.BuildCacheStep.executeWithoutCache(BuildCacheStep.java:189)
	at org.gradle.internal.execution.steps.BuildCacheStep.executeAndStoreInCache(BuildCacheStep.java:145)
	at org.gradle.internal.execution.steps.BuildCacheStep.lambda$executeWithCache$4(BuildCacheStep.java:101)
	at org.gradle.internal.execution.steps.BuildCacheStep.lambda$executeWithCache$5(BuildCacheStep.java:101)
	at org.gradle.internal.Try$Success.map(Try.java:175)
	at org.gradle.internal.execution.steps.BuildCacheStep.executeWithCache(BuildCacheStep.java:85)
	at org.gradle.internal.execution.steps.BuildCacheStep.lambda$execute$0(BuildCacheStep.java:74)
	at org.gradle.internal.Either$Left.fold(Either.java:115)
	at org.gradle.internal.execution.caching.CachingState.fold(CachingState.java:62)
	at org.gradle.internal.execution.steps.BuildCacheStep.execute(BuildCacheStep.java:73)
	at org.gradle.internal.execution.steps.BuildCacheStep.execute(BuildCacheStep.java:48)
	at org.gradle.internal.execution.steps.NeverUpToDateStep.execute(NeverUpToDateStep.java:34)
	at org.gradle.internal.execution.steps.NeverUpToDateStep.execute(NeverUpToDateStep.java:22)
	at org.gradle.internal.execution.steps.legacy.MarkSnapshottingInputsFinishedStep.execute(MarkSnapshottingInputsFinishedStep.java:37)
	at org.gradle.internal.execution.steps.legacy.MarkSnapshottingInputsFinishedStep.execute(MarkSnapshottingInputsFinishedStep.java:27)
	at org.gradle.internal.execution.steps.ResolveNonIncrementalCachingStateStep.executeDelegate(ResolveNonIncrementalCachingStateStep.java:50)
	at org.gradle.internal.execution.steps.AbstractResolveCachingStateStep.execute(AbstractResolveCachingStateStep.java:71)
	at org.gradle.internal.execution.steps.AbstractResolveCachingStateStep.execute(AbstractResolveCachingStateStep.java:39)
	at org.gradle.internal.execution.steps.ValidateStep.execute(ValidateStep.java:107)
	at org.gradle.internal.execution.steps.ValidateStep.execute(ValidateStep.java:56)
	at org.gradle.internal.execution.steps.AbstractCaptureStateBeforeExecutionStep.execute(AbstractCaptureStateBeforeExecutionStep.java:64)
	at org.gradle.internal.execution.steps.AbstractCaptureStateBeforeExecutionStep.execute(AbstractCaptureStateBeforeExecutionStep.java:43)
	at org.gradle.internal.execution.steps.legacy.MarkSnapshottingInputsStartedStep.execute(MarkSnapshottingInputsStartedStep.java:38)
	at org.gradle.internal.execution.steps.AssignImmutableWorkspaceStep.lambda$executeInTemporaryWorkspace$3(AssignImmutableWorkspaceStep.java:209)
	at org.gradle.internal.execution.workspace.impl.CacheBasedImmutableWorkspaceProvider$1.withTemporaryWorkspace(CacheBasedImmutableWorkspaceProvider.java:116)
	at org.gradle.internal.execution.steps.AssignImmutableWorkspaceStep.executeInTemporaryWorkspace(AssignImmutableWorkspaceStep.java:199)
	at org.gradle.internal.execution.steps.AssignImmutableWorkspaceStep.lambda$execute$0(AssignImmutableWorkspaceStep.java:121)
	at org.gradle.internal.execution.steps.AssignImmutableWorkspaceStep.execute(AssignImmutableWorkspaceStep.java:121)
	at org.gradle.internal.execution.steps.AssignImmutableWorkspaceStep.execute(AssignImmutableWorkspaceStep.java:90)
	at org.gradle.internal.execution.steps.ChoosePipelineStep.execute(ChoosePipelineStep.java:38)
	at org.gradle.internal.execution.steps.ChoosePipelineStep.execute(ChoosePipelineStep.java:23)
	at org.gradle.internal.execution.steps.ExecuteWorkBuildOperationFiringStep.lambda$execute$2(ExecuteWorkBuildOperationFiringStep.java:67)
	at org.gradle.internal.execution.steps.ExecuteWorkBuildOperationFiringStep.execute(ExecuteWorkBuildOperationFiringStep.java:67)
	at org.gradle.internal.execution.steps.ExecuteWorkBuildOperationFiringStep.execute(ExecuteWorkBuildOperationFiringStep.java:39)
	at org.gradle.internal.execution.steps.IdentityCacheStep.execute(IdentityCacheStep.java:46)
	at org.gradle.internal.execution.steps.IdentityCacheStep.execute(IdentityCacheStep.java:34)
	at org.gradle.internal.execution.steps.IdentifyStep.execute(IdentifyStep.java:48)
	at org.gradle.internal.execution.steps.IdentifyStep.execute(IdentifyStep.java:35)
	at org.gradle.internal.execution.impl.DefaultExecutionEngine$1.execute(DefaultExecutionEngine.java:61)
	at org.gradle.kotlin.dsl.provider.StandardKotlinScriptEvaluator$InterpreterHost.cachedDirFor(KotlinScriptEvaluator.kt:301)
	at org.gradle.kotlin.dsl.execution.Interpreter$ProgramHost.compileSecondStageOf(Interpreter.kt:469)
	at Program.loadSecondStageFor(Unknown Source)
	at org.gradle.kotlin.dsl.execution.Interpreter$ProgramHost.evaluateSecondStageOf(Interpreter.kt:433)
	at Program.execute(Unknown Source)
	at org.gradle.kotlin.dsl.execution.Interpreter$ProgramHost.eval(Interpreter.kt:516)
	at org.gradle.kotlin.dsl.execution.Interpreter.eval(Interpreter.kt:214)
	at org.gradle.kotlin.dsl.provider.StandardKotlinScriptEvaluator.evaluate(KotlinScriptEvaluator.kt:130)
	at org.gradle.kotlin.dsl.provider.KotlinScriptPluginFactory$create$1.invoke(KotlinScriptPluginFactory.kt:46)
	at org.gradle.kotlin.dsl.provider.KotlinScriptPluginFactory$create$1.invoke(KotlinScriptPluginFactory.kt:43)
	at org.gradle.kotlin.dsl.provider.KotlinScriptPlugin.apply(KotlinScriptPlugin.kt:35)
	at org.gradle.configuration.BuildOperationScriptPlugin$1.run(BuildOperationScriptPlugin.java:68)
	at org.gradle.internal.operations.DefaultBuildOperationRunner$1.execute(DefaultBuildOperationRunner.java:29)
	at org.gradle.internal.operations.DefaultBuildOperationRunner$1.execute(DefaultBuildOperationRunner.java:26)
	at org.gradle.internal.operations.DefaultBuildOperationRunner$2.execute(DefaultBuildOperationRunner.java:66)
	at org.gradle.internal.operations.DefaultBuildOperationRunner$2.execute(DefaultBuildOperationRunner.java:59)
	at org.gradle.internal.operations.DefaultBuildOperationRunner.execute(DefaultBuildOperationRunner.java:166)
	at org.gradle.internal.operations.DefaultBuildOperationRunner.execute(DefaultBuildOperationRunner.java:59)
	at org.gradle.internal.operations.DefaultBuildOperationRunner.run(DefaultBuildOperationRunner.java:47)
	at org.gradle.configuration.BuildOperationScriptPlugin.lambda$apply$0(BuildOperationScriptPlugin.java:65)
	at org.gradle.internal.code.DefaultUserCodeApplicationContext.apply(DefaultUserCodeApplicationContext.java:44)
	at org.gradle.configuration.BuildOperationScriptPlugin.apply(BuildOperationScriptPlugin.java:65)
	at org.gradle.api.internal.project.DefaultProjectStateRegistry$ProjectStateImpl.lambda$applyToMutableState$1(DefaultProjectStateRegistry.java:411)
	at org.gradle.api.internal.project.DefaultProjectStateRegistry$ProjectStateImpl.fromMutableState(DefaultProjectStateRegistry.java:429)
	at org.gradle.api.internal.project.DefaultProjectStateRegistry$ProjectStateImpl.applyToMutableState(DefaultProjectStateRegistry.java:410)
	at org.gradle.configuration.project.BuildScriptProcessor.execute(BuildScriptProcessor.java:46)
	at org.gradle.configuration.project.BuildScriptProcessor.execute(BuildScriptProcessor.java:27)
	at org.gradle.configuration.project.ConfigureActionsProjectEvaluator.evaluate(ConfigureActionsProjectEvaluator.java:35)
	at org.gradle.configuration.project.LifecycleProjectEvaluator$EvaluateProject.lambda$run$0(LifecycleProjectEvaluator.java:109)
	at org.gradle.api.internal.project.DefaultProjectStateRegistry$ProjectStateImpl.lambda$applyToMutableState$1(DefaultProjectStateRegistry.java:411)
	at org.gradle.api.internal.project.DefaultProjectStateRegistry$ProjectStateImpl.lambda$fromMutableState$2(DefaultProjectStateRegistry.java:434)
	at org.gradle.internal.work.DefaultWorkerLeaseService.withReplacedLocks(DefaultWorkerLeaseService.java:359)
	at org.gradle.api.internal.project.DefaultProjectStateRegistry$ProjectStateImpl.fromMutableState(DefaultProjectStateRegistry.java:434)
	at org.gradle.api.internal.project.DefaultProjectStateRegistry$ProjectStateImpl.applyToMutableState(DefaultProjectStateRegistry.java:410)
	at org.gradle.configuration.project.LifecycleProjectEvaluator$EvaluateProject.run(LifecycleProjectEvaluator.java:100)
	at org.gradle.internal.operations.DefaultBuildOperationRunner$1.execute(DefaultBuildOperationRunner.java:29)
	at org.gradle.internal.operations.DefaultBuildOperationRunner$1.execute(DefaultBuildOperationRunner.java:26)
	at org.gradle.internal.operations.DefaultBuildOperationRunner$2.execute(DefaultBuildOperationRunner.java:66)
	at org.gradle.internal.operations.DefaultBuildOperationRunner$2.execute(DefaultBuildOperationRunner.java:59)
	at org.gradle.internal.operations.DefaultBuildOperationRunner.execute(DefaultBuildOperationRunner.java:166)
	at org.gradle.internal.operations.DefaultBuildOperationRunner.execute(DefaultBuildOperationRunner.java:59)
	at org.gradle.internal.operations.DefaultBuildOperationRunner.run(DefaultBuildOperationRunner.java:47)
	at org.gradle.configuration.project.LifecycleProjectEvaluator.evaluate(LifecycleProjectEvaluator.java:72)
	at org.gradle.api.internal.project.DefaultProject.evaluateUnchecked(DefaultProject.java:825)
	at org.gradle.api.internal.project.ProjectLifecycleController.lambda$ensureSelfConfigured$2(ProjectLifecycleController.java:85)
	at org.gradle.internal.model.StateTransitionController.lambda$doTransition$14(StateTransitionController.java:255)
	at org.gradle.internal.model.StateTransitionController.doTransition(StateTransitionController.java:266)
	at org.gradle.internal.model.StateTransitionController.doTransition(StateTransitionController.java:254)
	at org.gradle.internal.model.StateTransitionController.lambda$maybeTransitionIfNotCurrentlyTransitioning$10(StateTransitionController.java:199)
	at org.gradle.internal.work.DefaultSynchronizer.withLock(DefaultSynchronizer.java:36)
	at org.gradle.internal.model.StateTransitionController.maybeTransitionIfNotCurrentlyTransitioning(StateTransitionController.java:195)
	at org.gradle.api.internal.project.ProjectLifecycleController.ensureSelfConfigured(ProjectLifecycleController.java:85)
	at org.gradle.api.internal.project.DefaultProjectStateRegistry$ProjectStateImpl.ensureConfigured(DefaultProjectStateRegistry.java:385)
	at org.gradle.execution.TaskPathProjectEvaluator.configure(TaskPathProjectEvaluator.java:42)
	at org.gradle.execution.TaskPathProjectEvaluator.configureHierarchy(TaskPathProjectEvaluator.java:58)
	at org.gradle.configuration.DefaultProjectsPreparer.prepareProjects(DefaultProjectsPreparer.java:50)
	at org.gradle.configuration.BuildTreePreparingProjectsPreparer.prepareProjects(BuildTreePreparingProjectsPreparer.java:65)
	at org.gradle.configuration.BuildOperationFiringProjectsPreparer$ConfigureBuild.run(BuildOperationFiringProjectsPreparer.java:52)
	at org.gradle.internal.operations.DefaultBuildOperationRunner$1.execute(DefaultBuildOperationRunner.java:29)
	at org.gradle.internal.operations.DefaultBuildOperationRunner$1.execute(DefaultBuildOperationRunner.java:26)
	at org.gradle.internal.operations.DefaultBuildOperationRunner$2.execute(DefaultBuildOperationRunner.java:66)
	at org.gradle.internal.operations.DefaultBuildOperationRunner$2.execute(DefaultBuildOperationRunner.java:59)
	at org.gradle.internal.operations.DefaultBuildOperationRunner.execute(DefaultBuildOperationRunner.java:166)
	at org.gradle.internal.operations.DefaultBuildOperationRunner.execute(DefaultBuildOperationRunner.java:59)
	at org.gradle.internal.operations.DefaultBuildOperationRunner.run(DefaultBuildOperationRunner.java:47)
	at org.gradle.configuration.BuildOperationFiringProjectsPreparer.prepareProjects(BuildOperationFiringProjectsPreparer.java:40)
	at org.gradle.initialization.VintageBuildModelController.lambda$prepareProjects$2(VintageBuildModelController.java:84)
	at org.gradle.internal.model.StateTransitionController.lambda$doTransition$14(StateTransitionController.java:255)
	at org.gradle.internal.model.StateTransitionController.doTransition(StateTransitionController.java:266)
	at org.gradle.internal.model.StateTransitionController.doTransition(StateTransitionController.java:254)
	at org.gradle.internal.model.StateTransitionController.lambda$transitionIfNotPreviously$11(StateTransitionController.java:213)
	at org.gradle.internal.work.DefaultSynchronizer.withLock(DefaultSynchronizer.java:36)
	at org.gradle.internal.model.StateTransitionController.transitionIfNotPreviously(StateTransitionController.java:209)
	at org.gradle.initialization.VintageBuildModelController.prepareProjects(VintageBuildModelController.java:84)
	at org.gradle.initialization.VintageBuildModelController.prepareToScheduleTasks(VintageBuildModelController.java:71)
	at org.gradle.internal.build.DefaultBuildLifecycleController.lambda$prepareToScheduleTasks$6(DefaultBuildLifecycleController.java:175)
	at org.gradle.internal.model.StateTransitionController.lambda$doTransition$14(StateTransitionController.java:255)
	at org.gradle.internal.model.StateTransitionController.doTransition(StateTransitionController.java:266)
	at org.gradle.internal.model.StateTransitionController.doTransition(StateTransitionController.java:254)
	at org.gradle.internal.model.StateTransitionController.lambda$maybeTransition$9(StateTransitionController.java:190)
	at org.gradle.internal.work.DefaultSynchronizer.withLock(DefaultSynchronizer.java:36)
	at org.gradle.internal.model.StateTransitionController.maybeTransition(StateTransitionController.java:186)
	at org.gradle.internal.build.DefaultBuildLifecycleController.prepareToScheduleTasks(DefaultBuildLifecycleController.java:173)
	at org.gradle.internal.buildtree.DefaultBuildTreeWorkPreparer.scheduleRequestedTasks(DefaultBuildTreeWorkPreparer.java:36)
	at org.gradle.internal.cc.impl.VintageBuildTreeWorkController$scheduleAndRunRequestedTasks$1.apply(VintageBuildTreeWorkController.kt:36)
	at org.gradle.internal.cc.impl.VintageBuildTreeWorkController$scheduleAndRunRequestedTasks$1.apply(VintageBuildTreeWorkController.kt:35)
	at org.gradle.composite.internal.DefaultIncludedBuildTaskGraph.withNewWorkGraph(DefaultIncludedBuildTaskGraph.java:112)
	at org.gradle.internal.cc.impl.VintageBuildTreeWorkController.scheduleAndRunRequestedTasks(VintageBuildTreeWorkController.kt:35)
	at org.gradle.internal.buildtree.DefaultBuildTreeLifecycleController.lambda$scheduleAndRunTasks$1(DefaultBuildTreeLifecycleController.java:77)
	at org.gradle.internal.buildtree.DefaultBuildTreeLifecycleController.lambda$runBuild$4(DefaultBuildTreeLifecycleController.java:120)
	at org.gradle.internal.model.StateTransitionController.lambda$transition$6(StateTransitionController.java:169)
	at org.gradle.internal.model.StateTransitionController.doTransition(StateTransitionController.java:266)
	at org.gradle.internal.model.StateTransitionController.lambda$transition$7(StateTransitionController.java:169)
	at org.gradle.internal.work.DefaultSynchronizer.withLock(DefaultSynchronizer.java:46)
	at org.gradle.internal.model.StateTransitionController.transition(StateTransitionController.java:169)
	at org.gradle.internal.buildtree.DefaultBuildTreeLifecycleController.runBuild(DefaultBuildTreeLifecycleController.java:117)
	at org.gradle.internal.buildtree.DefaultBuildTreeLifecycleController.scheduleAndRunTasks(DefaultBuildTreeLifecycleController.java:77)
	at org.gradle.internal.buildtree.DefaultBuildTreeLifecycleController.scheduleAndRunTasks(DefaultBuildTreeLifecycleController.java:72)
	at org.gradle.tooling.internal.provider.ExecuteBuildActionRunner.run(ExecuteBuildActionRunner.java:31)
	at org.gradle.launcher.exec.ChainingBuildActionRunner.run(ChainingBuildActionRunner.java:35)
	at org.gradle.internal.buildtree.ProblemReportingBuildActionRunner.run(ProblemReportingBuildActionRunner.java:49)
	at org.gradle.launcher.exec.BuildOutcomeReportingBuildActionRunner.run(BuildOutcomeReportingBuildActionRunner.java:66)
	at org.gradle.tooling.internal.provider.FileSystemWatchingBuildActionRunner.run(FileSystemWatchingBuildActionRunner.java:140)
	at org.gradle.launcher.exec.BuildCompletionNotifyingBuildActionRunner.run(BuildCompletionNotifyingBuildActionRunner.java:41)
	at org.gradle.launcher.exec.RootBuildLifecycleBuildActionExecutor.lambda$execute$0(RootBuildLifecycleBuildActionExecutor.java:54)
	at org.gradle.composite.internal.DefaultRootBuildState.run(DefaultRootBuildState.java:130)
	at org.gradle.launcher.exec.RootBuildLifecycleBuildActionExecutor.execute(RootBuildLifecycleBuildActionExecutor.java:54)
	at org.gradle.internal.buildtree.InitDeprecationLoggingActionExecutor.execute(InitDeprecationLoggingActionExecutor.java:62)
	at org.gradle.internal.buildtree.InitProblems.execute(InitProblems.java:36)
	at org.gradle.internal.buildtree.DefaultBuildTreeContext.execute(DefaultBuildTreeContext.java:40)
	at org.gradle.launcher.exec.BuildTreeLifecycleBuildActionExecutor.lambda$execute$0(BuildTreeLifecycleBuildActionExecutor.java:71)
	at org.gradle.internal.buildtree.BuildTreeState.run(BuildTreeState.java:60)
	at org.gradle.launcher.exec.BuildTreeLifecycleBuildActionExecutor.execute(BuildTreeLifecycleBuildActionExecutor.java:71)
	at org.gradle.launcher.exec.RunAsBuildOperationBuildActionExecutor$3.call(RunAsBuildOperationBuildActionExecutor.java:61)
	at org.gradle.launcher.exec.RunAsBuildOperationBuildActionExecutor$3.call(RunAsBuildOperationBuildActionExecutor.java:57)
	at org.gradle.internal.operations.DefaultBuildOperationRunner$CallableBuildOperationWorker.execute(DefaultBuildOperationRunner.java:209)
	at org.gradle.internal.operations.DefaultBuildOperationRunner$CallableBuildOperationWorker.execute(DefaultBuildOperationRunner.java:204)
	at org.gradle.internal.operations.DefaultBuildOperationRunner$2.execute(DefaultBuildOperationRunner.java:66)
	at org.gradle.internal.operations.DefaultBuildOperationRunner$2.execute(DefaultBuildOperationRunner.java:59)
	at org.gradle.internal.operations.DefaultBuildOperationRunner.execute(DefaultBuildOperationRunner.java:166)
	at org.gradle.internal.operations.DefaultBuildOperationRunner.execute(DefaultBuildOperationRunner.java:59)
	at org.gradle.internal.operations.DefaultBuildOperationRunner.call(DefaultBuildOperationRunner.java:53)
	at org.gradle.launcher.exec.RunAsBuildOperationBuildActionExecutor.execute(RunAsBuildOperationBuildActionExecutor.java:57)
	at org.gradle.launcher.exec.RunAsWorkerThreadBuildActionExecutor.lambda$execute$0(RunAsWorkerThreadBuildActionExecutor.java:36)
	at org.gradle.internal.work.DefaultWorkerLeaseService.withLocks(DefaultWorkerLeaseService.java:263)
	at org.gradle.internal.work.DefaultWorkerLeaseService.runAsWorkerThread(DefaultWorkerLeaseService.java:127)
	at org.gradle.launcher.exec.RunAsWorkerThreadBuildActionExecutor.execute(RunAsWorkerThreadBuildActionExecutor.java:36)
	at org.gradle.tooling.internal.provider.continuous.ContinuousBuildActionExecutor.execute(ContinuousBuildActionExecutor.java:110)
	at org.gradle.tooling.internal.provider.SubscribableBuildActionExecutor.execute(SubscribableBuildActionExecutor.java:64)
	at org.gradle.internal.session.DefaultBuildSessionContext.execute(DefaultBuildSessionContext.java:46)
	at org.gradle.internal.buildprocess.execution.BuildSessionLifecycleBuildActionExecutor$ActionImpl.apply(BuildSessionLifecycleBuildActionExecutor.java:92)
	at org.gradle.internal.buildprocess.execution.BuildSessionLifecycleBuildActionExecutor$ActionImpl.apply(BuildSessionLifecycleBuildActionExecutor.java:80)
	at org.gradle.internal.session.BuildSessionState.run(BuildSessionState.java:71)
	at org.gradle.internal.buildprocess.execution.BuildSessionLifecycleBuildActionExecutor.execute(BuildSessionLifecycleBuildActionExecutor.java:62)
	at org.gradle.internal.buildprocess.execution.BuildSessionLifecycleBuildActionExecutor.execute(BuildSessionLifecycleBuildActionExecutor.java:41)
	at org.gradle.internal.buildprocess.execution.StartParamsValidatingActionExecutor.execute(StartParamsValidatingActionExecutor.java:64)
	at org.gradle.internal.buildprocess.execution.StartParamsValidatingActionExecutor.execute(StartParamsValidatingActionExecutor.java:32)
	at org.gradle.internal.buildprocess.execution.SessionFailureReportingActionExecutor.execute(SessionFailureReportingActionExecutor.java:51)
	at org.gradle.internal.buildprocess.execution.SessionFailureReportingActionExecutor.execute(SessionFailureReportingActionExecutor.java:39)
	at org.gradle.internal.buildprocess.execution.SetupLoggingActionExecutor.execute(SetupLoggingActionExecutor.java:47)
	at org.gradle.internal.buildprocess.execution.SetupLoggingActionExecutor.execute(SetupLoggingActionExecutor.java:31)
	at org.gradle.launcher.daemon.server.exec.ExecuteBuild.doBuild(ExecuteBuild.java:70)
	at org.gradle.launcher.daemon.server.exec.BuildCommandOnly.execute(BuildCommandOnly.java:37)
	at org.gradle.launcher.daemon.server.api.DaemonCommandExecution.proceed(DaemonCommandExecution.java:104)
	at org.gradle.launcher.daemon.server.exec.WatchForDisconnection.execute(WatchForDisconnection.java:39)
	at org.gradle.launcher.daemon.server.api.DaemonCommandExecution.proceed(DaemonCommandExecution.java:104)
	at org.gradle.launcher.daemon.server.exec.ResetDeprecationLogger.execute(ResetDeprecationLogger.java:29)
	at org.gradle.launcher.daemon.server.api.DaemonCommandExecution.proceed(DaemonCommandExecution.java:104)
	at org.gradle.launcher.daemon.server.exec.RequestStopIfSingleUsedDaemon.execute(RequestStopIfSingleUsedDaemon.java:35)
	at org.gradle.launcher.daemon.server.api.DaemonCommandExecution.proceed(DaemonCommandExecution.java:104)
	at org.gradle.launcher.daemon.server.exec.ForwardClientInput.lambda$execute$0(ForwardClientInput.java:40)
	at org.gradle.internal.daemon.clientinput.ClientInputForwarder.forwardInput(ClientInputForwarder.java:80)
	at org.gradle.launcher.daemon.server.exec.ForwardClientInput.execute(ForwardClientInput.java:37)
	at org.gradle.launcher.daemon.server.api.DaemonCommandExecution.proceed(DaemonCommandExecution.java:104)
	at org.gradle.launcher.daemon.server.exec.LogAndCheckHealth.execute(LogAndCheckHealth.java:53)
	at org.gradle.launcher.daemon.server.api.DaemonCommandExecution.proceed(DaemonCommandExecution.java:104)
	at org.gradle.launcher.daemon.server.exec.LogToClient.doBuild(LogToClient.java:63)
	at org.gradle.launcher.daemon.server.exec.BuildCommandOnly.execute(BuildCommandOnly.java:37)
	at org.gradle.launcher.daemon.server.api.DaemonCommandExecution.proceed(DaemonCommandExecution.java:104)
	at org.gradle.launcher.daemon.server.exec.EstablishBuildEnvironment.doBuild(EstablishBuildEnvironment.java:84)
	at org.gradle.launcher.daemon.server.exec.BuildCommandOnly.execute(BuildCommandOnly.java:37)
	at org.gradle.launcher.daemon.server.api.DaemonCommandExecution.proceed(DaemonCommandExecution.java:104)
	at org.gradle.launcher.daemon.server.exec.StartBuildOrRespondWithBusy$1.run(StartBuildOrRespondWithBusy.java:52)
	at org.gradle.launcher.daemon.server.DaemonStateCoordinator.lambda$runCommand$0(DaemonStateCoordinator.java:321)
	at org.gradle.internal.concurrent.ExecutorPolicy$CatchAndRecordFailures.onExecute(ExecutorPolicy.java:64)
	at org.gradle.internal.concurrent.AbstractManagedExecutor$1.run(AbstractManagedExecutor.java:48)


BUILD FAILED in 47s
3 actionable tasks: 3 up-to-date
